2018-01-27 16:17:39.400  INFO 8036 --- [restartedMain] org.serdaroquai.me.Application           : Starting Application on simo with PID 8036 (D:\workspace\minerwatch\target\classes started by simo in D:\workspace\minerwatch)
2018-01-27 16:17:39.400  INFO 8036 --- [restartedMain] org.serdaroquai.me.Application           : No active profile set, falling back to default profiles: default
2018-01-27 16:17:39.403  INFO 8036 --- [restartedMain] ationConfigEmbeddedWebApplicationContext : Refreshing org.springframework.boot.context.embedded.AnnotationConfigEmbeddedWebApplicationContext@27517ea3: startup date [Sat Jan 27 16:17:39 EET 2018]; root of context hierarchy
2018-01-27 16:17:39.807  INFO 8036 --- [restartedMain] s.b.c.e.t.TomcatEmbeddedServletContainer : Tomcat initialized with port(s): 8090 (http)
2018-01-27 16:17:39.808  INFO 8036 --- [restartedMain] o.apache.catalina.core.StandardService   : Starting service [Tomcat]
2018-01-27 16:17:39.808  INFO 8036 --- [restartedMain] org.apache.catalina.core.StandardEngine  : Starting Servlet Engine: Apache Tomcat/8.5.16
2018-01-27 16:17:39.823  INFO 8036 --- [localhost-startStop-1] o.a.c.c.C.[Tomcat].[localhost].[/]       : Initializing Spring embedded WebApplicationContext
2018-01-27 16:17:39.824  INFO 8036 --- [localhost-startStop-1] o.s.web.context.ContextLoader            : Root WebApplicationContext: initialization completed in 421 ms
2018-01-27 16:17:39.862  INFO 8036 --- [localhost-startStop-1] o.s.b.w.servlet.FilterRegistrationBean   : Mapping filter: 'characterEncodingFilter' to: [/*]
2018-01-27 16:17:39.862  INFO 8036 --- [localhost-startStop-1] o.s.b.w.servlet.FilterRegistrationBean   : Mapping filter: 'hiddenHttpMethodFilter' to: [/*]
2018-01-27 16:17:39.862  INFO 8036 --- [localhost-startStop-1] o.s.b.w.servlet.FilterRegistrationBean   : Mapping filter: 'httpPutFormContentFilter' to: [/*]
2018-01-27 16:17:39.862  INFO 8036 --- [localhost-startStop-1] o.s.b.w.servlet.FilterRegistrationBean   : Mapping filter: 'requestContextFilter' to: [/*]
2018-01-27 16:17:39.862  INFO 8036 --- [localhost-startStop-1] .s.DelegatingFilterProxyRegistrationBean : Mapping filter: 'springSecurityFilterChain' to: [/*]
2018-01-27 16:17:39.862  INFO 8036 --- [localhost-startStop-1] o.s.b.w.servlet.ServletRegistrationBean  : Mapping servlet: 'dispatcherServlet' to [/]
2018-01-27 16:17:39.899  INFO 8036 --- [restartedMain] o.s.s.concurrent.ThreadPoolTaskExecutor  : Initializing ExecutorService  'clientInboundChannelExecutor'
2018-01-27 16:17:39.901  INFO 8036 --- [restartedMain] o.s.s.concurrent.ThreadPoolTaskExecutor  : Initializing ExecutorService  'clientOutboundChannelExecutor'
2018-01-27 16:17:39.916  INFO 8036 --- [restartedMain] .s.a.AnnotationAsyncExecutionInterceptor : More than one TaskExecutor bean found within the context, and none is named 'taskExecutor'. Mark one of them as primary or name it 'taskExecutor' (possibly as an alias) in order to use it for async processing: [clientInboundChannelExecutor, clientOutboundChannelExecutor, brokerChannelExecutor, messageBrokerTaskScheduler]
2018-01-27 16:17:39.921  INFO 8036 --- [SimpleAsyncTaskExecutor-2] org.serdaroquai.me.FakeMiner             : Atempting to connect to x17.mine.ahashpool.com/13.250.83.48 on port 3737.
2018-01-27 16:17:39.955  INFO 8036 --- [restartedMain] o.s.s.c.ThreadPoolTaskScheduler          : Initializing ExecutorService  'messageBrokerTaskScheduler'
2018-01-27 16:17:39.958  INFO 8036 --- [restartedMain] o.s.w.s.s.s.WebSocketHandlerMapping      : Mapped URL path [/pokerNight/**] onto handler of type [class org.springframework.web.socket.sockjs.support.SockJsHttpRequestHandler]
2018-01-27 16:17:39.961  INFO 8036 --- [restartedMain] o.s.s.concurrent.ThreadPoolTaskExecutor  : Initializing ExecutorService  'brokerChannelExecutor'
2018-01-27 16:17:39.967  INFO 8036 --- [restartedMain] .WebSocketAnnotationMethodMessageHandler : Mapped "{[/message],messageType=[MESSAGE]}" onto public void org.serdaroquai.me.ApplicationController.accept(org.serdaroquai.me.Action,java.security.Principal) throws java.lang.Exception
2018-01-27 16:17:39.991  INFO 8036 --- [restartedMain] o.s.s.web.DefaultSecurityFilterChain     : Creating filter chain: org.springframework.security.web.util.matcher.AnyRequestMatcher@1, [org.springframework.security.web.context.request.async.WebAsyncManagerIntegrationFilter@615d25d6, org.springframework.security.web.context.SecurityContextPersistenceFilter@4fefab2b, org.springframework.security.web.header.HeaderWriterFilter@200787cb, org.springframework.security.web.csrf.CsrfFilter@2444a272, org.springframework.security.web.authentication.logout.LogoutFilter@6ae84c9b, org.springframework.security.web.authentication.www.BasicAuthenticationFilter@7b6c45f6, org.springframework.security.web.savedrequest.RequestCacheAwareFilter@76c98a00, org.springframework.security.web.servletapi.SecurityContextHolderAwareRequestFilter@6a6c72cd, org.springframework.security.web.authentication.AnonymousAuthenticationFilter@6ded4d22, org.springframework.security.web.session.SessionManagementFilter@4e39d7ac, org.springframework.security.web.access.ExceptionTranslationFilter@1c64bf61, org.springframework.security.web.access.intercept.FilterSecurityInterceptor@4318e57f]
2018-01-27 16:17:40.037  INFO 8036 --- [restartedMain] s.w.s.m.m.a.RequestMappingHandlerAdapter : Looking for @ControllerAdvice: org.springframework.boot.context.embedded.AnnotationConfigEmbeddedWebApplicationContext@27517ea3: startup date [Sat Jan 27 16:17:39 EET 2018]; root of context hierarchy
2018-01-27 16:17:40.045  INFO 8036 --- [restartedMain] s.w.s.m.m.a.RequestMappingHandlerMapping : Mapped "{[/error]}" onto public org.springframework.http.ResponseEntity<java.util.Map<java.lang.String, java.lang.Object>> org.springframework.boot.autoconfigure.web.BasicErrorController.error(javax.servlet.http.HttpServletRequest)
2018-01-27 16:17:40.045  INFO 8036 --- [restartedMain] s.w.s.m.m.a.RequestMappingHandlerMapping : Mapped "{[/error],produces=[text/html]}" onto public org.springframework.web.servlet.ModelAndView org.springframework.boot.autoconfigure.web.BasicErrorController.errorHtml(javax.servlet.http.HttpServletRequest,javax.servlet.http.HttpServletResponse)
2018-01-27 16:17:40.107  INFO 8036 --- [restartedMain] o.s.w.s.handler.SimpleUrlHandlerMapping  : Mapped URL path [/webjars/**] onto handler of type [class org.springframework.web.servlet.resource.ResourceHttpRequestHandler]
2018-01-27 16:17:40.107  INFO 8036 --- [restartedMain] o.s.w.s.handler.SimpleUrlHandlerMapping  : Mapped URL path [/**] onto handler of type [class org.springframework.web.servlet.resource.ResourceHttpRequestHandler]
2018-01-27 16:17:40.119  INFO 8036 --- [restartedMain] o.s.w.s.handler.SimpleUrlHandlerMapping  : Mapped URL path [/**/favicon.ico] onto handler of type [class org.springframework.web.servlet.resource.ResourceHttpRequestHandler]
2018-01-27 16:17:40.124  INFO 8036 --- [restartedMain] oConfiguration$WelcomePageHandlerMapping : Adding welcome page: class path resource [static/index.html]
2018-01-27 16:17:40.154  INFO 8036 --- [restartedMain] o.s.b.d.a.OptionalLiveReloadServer       : LiveReload server is running on port 35729
2018-01-27 16:17:40.200  INFO 8036 --- [restartedMain] o.s.j.e.a.AnnotationMBeanExporter        : Registering beans for JMX exposure on startup
2018-01-27 16:17:40.203  INFO 8036 --- [restartedMain] o.s.c.support.DefaultLifecycleProcessor  : Starting beans in phase 2147483647
2018-01-27 16:17:40.203  INFO 8036 --- [restartedMain] o.s.m.s.b.SimpleBrokerMessageHandler     : Starting...
2018-01-27 16:17:40.204  INFO 8036 --- [restartedMain] o.s.m.s.b.SimpleBrokerMessageHandler     : BrokerAvailabilityEvent[available=true, SimpleBrokerMessageHandler [DefaultSubscriptionRegistry[cache[0 destination(s)], registry[0 sessions]]]]
2018-01-27 16:17:40.204  INFO 8036 --- [restartedMain] o.s.m.s.b.SimpleBrokerMessageHandler     : Started.
2018-01-27 16:17:40.211  INFO 8036 --- [restartedMain] s.b.c.e.t.TomcatEmbeddedServletContainer : Tomcat started on port(s): 8090 (http)
2018-01-27 16:17:40.212  INFO 8036 --- [restartedMain] org.serdaroquai.me.Application           : Started Application in 0.886 seconds (JVM running for 864.467)
2018-01-27 16:17:40.224  INFO 8036 --- [SimpleAsyncTaskExecutor-2] org.serdaroquai.me.FakeMiner             : Send: {"method":"mining.subscribe","id":"1","jsonrpc":"2.0","params":[]}
2018-01-27 16:17:40.224  INFO 8036 --- [SimpleAsyncTaskExecutor-2] org.serdaroquai.me.FakeMiner             : Send: {"method":"mining.authorize","id":2,"params":["1NR79WdLrParkFYSrKjpAhKz3phPNJjyxF","c=BTC"]}
2018-01-27 16:17:40.529  INFO 8036 --- [SimpleAsyncTaskExecutor-2] org.serdaroquai.me.FakeMiner             : Receive: {"result":[[["mining.set_difficulty","0.24"],["mining.notify","66dd422872306a9a563867f054c7e3e5"]],"81005d60",4],"id":"1","error":null}
2018-01-27 16:17:40.871  INFO 8036 --- [SimpleAsyncTaskExecutor-2] org.serdaroquai.me.FakeMiner             : Receive: {"result":true,"id":2,"error":null}
2018-01-27 16:17:40.872  INFO 8036 --- [SimpleAsyncTaskExecutor-2] org.serdaroquai.me.FakeMiner             : Receive: {"method":"mining.set_difficulty","id":null,"params":[0.24]}
2018-01-27 16:17:41.981  INFO 8036 --- [MessageBroker-1] o.serdaroquai.me.ApplicationController   : bitcore:Coin [name=bitcore, actual24hr=0.02308],blake2s:Coin [name=blake2s, actual24hr=0.10179],blakecoin:Coin [name=blakecoin, actual24hr=0.00000],c11:Coin [name=c11, actual24hr=0.00776],groestl:Coin [name=groestl, actual24hr=0.00663],hmq1725:Coin [name=hmq1725, actual24hr=0.00000],hsr:Coin [name=hsr, actual24hr=0.02476],keccak:Coin [name=keccak, actual24hr=0.00022],lbry:Coin [name=lbry, actual24hr=0.00000],lyra2v2:Coin [name=lyra2v2, actual24hr=0.00949],m7m:Coin [name=m7m, actual24hr=0.10837],myr-gr:Coin [name=myr-gr, actual24hr=0.00050],neoscrypt:Coin [name=neoscrypt, actual24hr=0.31964],nist5:Coin [name=nist5, actual24hr=0.00805],phi:Coin [name=phi, actual24hr=0.01697],scrypt:Coin [name=scrypt, actual24hr=0.00229],sib:Coin [name=sib, actual24hr=0.00409],skein:Coin [name=skein, actual24hr=0.00062],skunk:Coin [name=skunk, actual24hr=0.01220],tribus:Coin [name=tribus, actual24hr=0.00418],x17:Coin [name=x17, actual24hr=0.03285],xevan:Coin [name=xevan, actual24hr=0.07133],yescrypt:Coin [name=yescrypt, actual24hr=0.01775]
2018-01-27 16:17:45.106  INFO 8036 --- [SimpleAsyncTaskExecutor-2] org.serdaroquai.me.FakeMiner             : Receive: {"method":"mining.notify","id":null,"params":["49c","021e8c9117381dcd0690d061ebcea9bff63d6c3c9248583203d8f2ed8f067191","01000000db7b6c5a010000000000000000000000000000000000000000000000000000000000000000ffffffff1f0314f91b062f503253482f04e27b6c5a08","7969696d700000000000014b74585d0000000023210284b44451e22e539e721a13dcfb584b73c01be93abbdca91191ad715e16a29eb8ac00000000",["520f826857898a6b90b45fd3e1ef0289349b27652c5c9f478506275fd71713a9","adb188487c2d10ccbe7aee59e011b447a2fa07cf1781fda2d9d36fb3ba574d73"],"00001804","1b0cce62","5a6c7bdb",true]}
2018-01-27 16:17:46.576  INFO 8036 --- [Thread-10] ationConfigEmbeddedWebApplicationContext : Closing org.springframework.boot.context.embedded.AnnotationConfigEmbeddedWebApplicationContext@27517ea3: startup date [Sat Jan 27 16:17:39 EET 2018]; root of context hierarchy
2018-01-27 16:17:46.578  INFO 8036 --- [Thread-10] o.s.c.support.DefaultLifecycleProcessor  : Stopping beans in phase 2147483647
2018-01-27 16:17:46.578  INFO 8036 --- [Thread-10] o.s.m.s.b.SimpleBrokerMessageHandler     : Stopping...
2018-01-27 16:17:46.578  INFO 8036 --- [Thread-10] o.s.m.s.b.SimpleBrokerMessageHandler     : BrokerAvailabilityEvent[available=false, SimpleBrokerMessageHandler [DefaultSubscriptionRegistry[cache[0 destination(s)], registry[0 sessions]]]]
2018-01-27 16:17:46.578  INFO 8036 --- [Thread-10] o.s.m.s.b.SimpleBrokerMessageHandler     : Stopped.
2018-01-27 16:17:46.578  INFO 8036 --- [Thread-10] o.s.j.e.a.AnnotationMBeanExporter        : Unregistering JMX-exposed beans on shutdown
2018-01-27 16:17:46.578  INFO 8036 --- [Thread-10] o.s.s.concurrent.ThreadPoolTaskExecutor  : Shutting down ExecutorService 'brokerChannelExecutor'
2018-01-27 16:17:46.578  INFO 8036 --- [Thread-10] o.s.s.c.ThreadPoolTaskScheduler          : Shutting down ExecutorService 'messageBrokerTaskScheduler'
2018-01-27 16:17:46.579  INFO 8036 --- [Thread-10] o.s.s.concurrent.ThreadPoolTaskExecutor  : Shutting down ExecutorService 'clientOutboundChannelExecutor'
2018-01-27 16:17:46.579  INFO 8036 --- [Thread-10] o.s.s.concurrent.ThreadPoolTaskExecutor  : Shutting down ExecutorService 'clientInboundChannelExecutor'
